<?xml version="1.0" encoding="UTF-8"?>
<!-- Generated by org.testng.reporters.JUnitReportReporter -->
<testsuite hostname="WKWZTj7U4F4p0V9" failures="0" tests="1" name="com.practice.orghrm.testscripts.FirstTest" time="0.006" errors="0" timestamp="2024-09-24T23:00:34 IST" skipped="0">
  <testcase classname="com.practice.orghrm.testscripts.FirstTest" name="myFirstTest" time="0.006"/>
</testsuite> <!-- com.practice.orghrm.testscripts.FirstTest -->
