<?xml version="1.0" encoding="UTF-8"?>
<!-- Generated by org.testng.reporters.JUnitReportReporter -->
<testsuite hostname="WKWZTj7U4F4p0V9" failures="0" tests="3" name="com.orgHrm.testScripts.RegistrationTest" time="0.013" errors="0" timestamp="2024-09-25T10:49:00 IST" skipped="0">
  <testcase classname="com.orgHrm.testScripts.RegistrationTest" name="m1" time="0.009"/>
  <testcase classname="com.orgHrm.testScripts.RegistrationTest" name="m2" time="0.002"/>
  <testcase classname="com.orgHrm.testScripts.RegistrationTest" name="m3" time="0.002"/>
</testsuite> <!-- com.orgHrm.testScripts.RegistrationTest -->
